TN:
SF:script/AdvisorVestingWallet.s.sol
FN:7,AdvisorVestingWalletScript.setUp
FNDA:0,AdvisorVestingWalletScript.setUp
FN:9,AdvisorVestingWalletScript.run
FNDA:0,AdvisorVestingWalletScript.run
DA:10,0
FNF:2
FNH:0
LF:1
LH:0
BRF:0
BRH:0
end_of_record
TN:
SF:src/AdvisorVestingWallet.sol
FN:45,AdvisorVestingWallet.withdrawUnvested
FNDA:258,AdvisorVestingWallet.withdrawUnvested
DA:46,257
DA:48,257
DA:50,257
FN:54,AdvisorVestingWallet.released
FNDA:0,AdvisorVestingWallet.released
FN:57,AdvisorVestingWallet.releasable
FNDA:0,AdvisorVestingWallet.releasable
FN:60,AdvisorVestingWallet.release
FNDA:0,AdvisorVestingWallet.release
FN:63,AdvisorVestingWallet.vestedAmount
FNDA:0,AdvisorVestingWallet.vestedAmount
FNF:5
FNH:1
LF:3
LH:3
BRF:0
BRH:0
end_of_record
